2025-04-28 12:47:28 - ERROR - Error during feature selection: not enough values to unpack (expected 7, got 5)
2025-04-28 12:47:28 - ERROR - Traceback (most recent call last):
  File "/home/bhanu/IITM/Courses/MLOps/devops-project/server/scripts/run_pipeline.py", line 47, in run_feature_selection
    results = fs(default_hyperparameters, run.info.run_id)
  File "/home/bhanu/IITM/Courses/MLOps/devops-project/server/scripts/pipeline.py", line 56, in fs
    features_to_drop, importance_scores_normal, importance_scores_abnormal, history_F, history_NF, autoencoder_F, autoencoder_NF = feature_selection(
ValueError: not enough values to unpack (expected 7, got 5)

2025-04-28 12:47:28 - ERROR - Error in setup: not enough values to unpack (expected 7, got 5)
2025-04-28 12:47:28 - ERROR - Traceback (most recent call last):
  File "/home/bhanu/IITM/Courses/MLOps/devops-project/server/scripts/run_pipeline.py", line 47, in run_feature_selection
    results = fs(default_hyperparameters, run.info.run_id)
  File "/home/bhanu/IITM/Courses/MLOps/devops-project/server/scripts/pipeline.py", line 56, in fs
    features_to_drop, importance_scores_normal, importance_scores_abnormal, history_F, history_NF, autoencoder_F, autoencoder_NF = feature_selection(
ValueError: not enough values to unpack (expected 7, got 5)

2025-04-28 12:49:16 - INFO - Default parameters: {'train_file': '/home/bhanu/IITM/Courses/MLOps/devops-project/server/uploads/76845d80bf3a90264e9c4348cd910fde', 'validation_file': '/home/bhanu/IITM/Courses/MLOps/devops-project/server/uploads/validation.csv', 'test_file': '/home/bhanu/IITM/Courses/MLOps/devops-project/server/uploads/b94a60a5927fabbf05abc61f768ea650', 'target_column': 'Class', 'train_on': 'normal', 'feature_selection': 'fpi', 'feature_threshold': 0.1, 'model_threshold': 0, 'model': 'LogisticRegression', 'cross_validation': 5, 'autoencoder': {'ratios': [0.8, 0.5, 0.2], 'epochs': 10, 'batch_size': 32, 'dropout': 0.1, 'hidden_activation': 'selu', 'optimizer': 'adam', 'loss': 'mse'}, 'model_params': {'C': 0.01, 'penalty': 'l2', 'solver': 'lbfgs', 'max_iter': 200, 'random_state': 42}}
2025-04-28 12:49:16 - INFO - Running initial feature selection using default parameters
2025-04-28 12:50:14 - ERROR - Error during feature selection: not enough values to unpack (expected 7, got 5)
2025-04-28 12:50:14 - ERROR - Traceback (most recent call last):
  File "/home/bhanu/IITM/Courses/MLOps/devops-project/server/scripts/run_pipeline.py", line 47, in run_feature_selection
    results = fs(default_hyperparameters, run.info.run_id)
  File "/home/bhanu/IITM/Courses/MLOps/devops-project/server/scripts/pipeline.py", line 57, in fs
    features_to_drop, importance_scores_normal, importance_scores_abnormal, history_F, history_NF, autoencoder_F, autoencoder_NF = feature_selection(
ValueError: not enough values to unpack (expected 7, got 5)

2025-04-28 12:50:14 - ERROR - Error in setup: not enough values to unpack (expected 7, got 5)
2025-04-28 12:50:14 - ERROR - Traceback (most recent call last):
  File "/home/bhanu/IITM/Courses/MLOps/devops-project/server/scripts/run_pipeline.py", line 47, in run_feature_selection
    results = fs(default_hyperparameters, run.info.run_id)
  File "/home/bhanu/IITM/Courses/MLOps/devops-project/server/scripts/pipeline.py", line 57, in fs
    features_to_drop, importance_scores_normal, importance_scores_abnormal, history_F, history_NF, autoencoder_F, autoencoder_NF = feature_selection(
ValueError: not enough values to unpack (expected 7, got 5)

2025-04-28 12:53:43 - INFO - Default parameters: {'train_file': '/home/bhanu/IITM/Courses/MLOps/devops-project/server/uploads/db2bfb39f0d8b3792271fb248a871f90', 'validation_file': '/home/bhanu/IITM/Courses/MLOps/devops-project/server/uploads/validation.csv', 'test_file': '/home/bhanu/IITM/Courses/MLOps/devops-project/server/uploads/b932b9264308531dd70a23d67209bbaa', 'target_column': 'Class', 'train_on': 'normal', 'feature_selection': 'fpi', 'feature_threshold': 0.1, 'model_threshold': 0, 'model': 'LogisticRegression', 'cross_validation': 5, 'autoencoder': {'ratios': [0.8, 0.5, 0.2], 'epochs': 10, 'batch_size': 32, 'dropout': 0.1, 'hidden_activation': 'selu', 'optimizer': 'adam', 'loss': 'mse'}, 'model_params': {'C': 0.01, 'penalty': 'l2', 'solver': 'lbfgs', 'max_iter': 200, 'random_state': 42}}
2025-04-28 12:53:43 - INFO - Running initial feature selection using default parameters
2025-04-28 12:54:43 - ERROR - Error during feature selection: not enough values to unpack (expected 7, got 5)
2025-04-28 12:54:43 - ERROR - Traceback (most recent call last):
  File "/home/bhanu/IITM/Courses/MLOps/devops-project/server/scripts/run_pipeline.py", line 47, in run_feature_selection
    results = fs(default_hyperparameters, run.info.run_id)
  File "/home/bhanu/IITM/Courses/MLOps/devops-project/server/scripts/pipeline.py", line 57, in fs
    features_to_drop, importance_scores_normal, importance_scores_abnormal, history_F, history_NF, autoencoder_F, autoencoder_NF = feature_selection(
ValueError: not enough values to unpack (expected 7, got 5)

2025-04-28 12:54:43 - ERROR - Error in setup: not enough values to unpack (expected 7, got 5)
2025-04-28 12:54:43 - ERROR - Traceback (most recent call last):
  File "/home/bhanu/IITM/Courses/MLOps/devops-project/server/scripts/run_pipeline.py", line 47, in run_feature_selection
    results = fs(default_hyperparameters, run.info.run_id)
  File "/home/bhanu/IITM/Courses/MLOps/devops-project/server/scripts/pipeline.py", line 57, in fs
    features_to_drop, importance_scores_normal, importance_scores_abnormal, history_F, history_NF, autoencoder_F, autoencoder_NF = feature_selection(
ValueError: not enough values to unpack (expected 7, got 5)

2025-04-28 13:03:06 - INFO - Default parameters: {'train_file': '/home/bhanu/IITM/Courses/MLOps/devops-project/server/uploads/c0a316b708d3d9b28e0c40e89a6660ab', 'validation_file': '/home/bhanu/IITM/Courses/MLOps/devops-project/server/uploads/validation.csv', 'test_file': '/home/bhanu/IITM/Courses/MLOps/devops-project/server/uploads/fae4f696668cb5ae5b4adebd86bb66f7', 'target_column': 'Class', 'train_on': 'normal', 'feature_selection': 'fpi', 'feature_threshold': 0.1, 'model_threshold': 0, 'model': 'LogisticRegression', 'cross_validation': 5, 'autoencoder': {'ratios': [0.8, 0.5, 0.2], 'epochs': 10, 'batch_size': 32, 'dropout': 0.1, 'hidden_activation': 'selu', 'optimizer': 'adam', 'loss': 'mse'}, 'model_params': {'C': 0.01, 'penalty': 'l2', 'solver': 'lbfgs', 'max_iter': 200, 'random_state': 42}}
2025-04-28 13:03:06 - INFO - Running initial feature selection using default parameters
2025-04-28 13:04:14 - ERROR - Error during feature selection: [Errno 2] No such file or directory: 'figures/normal_fpi_importance.png'
2025-04-28 13:04:14 - ERROR - Traceback (most recent call last):
  File "/home/bhanu/IITM/Courses/MLOps/devops-project/server/scripts/run_pipeline.py", line 51, in run_feature_selection
    log_metrics_and_artifacts(
  File "/home/bhanu/IITM/Courses/MLOps/devops-project/server/scripts/mlflow_utils.py", line 103, in log_metrics_and_artifacts
    mlflow.log_artifact(fig_path, "important figures")
  File "/home/bhanu/IITM/Courses/MLOps/Feature-Selection/venv/lib/python3.9/site-packages/mlflow/tracking/fluent.py", line 1179, in log_artifact
    MlflowClient().log_artifact(run_id, local_path, artifact_path)
  File "/home/bhanu/IITM/Courses/MLOps/Feature-Selection/venv/lib/python3.9/site-packages/mlflow/tracking/client.py", line 2379, in log_artifact
    self._tracking_client.log_artifact(run_id, local_path, artifact_path)
  File "/home/bhanu/IITM/Courses/MLOps/Feature-Selection/venv/lib/python3.9/site-packages/mlflow/tracking/_tracking_service/client.py", line 931, in log_artifact
    artifact_repo.log_artifact(local_path, artifact_path)
  File "/home/bhanu/IITM/Courses/MLOps/Feature-Selection/venv/lib/python3.9/site-packages/mlflow/store/artifact/http_artifact_repo.py", line 62, in log_artifact
    with open(local_file, "rb") as f:
FileNotFoundError: [Errno 2] No such file or directory: 'figures/normal_fpi_importance.png'

2025-04-28 13:04:14 - ERROR - Error in setup: [Errno 2] No such file or directory: 'figures/normal_fpi_importance.png'
2025-04-28 13:04:14 - ERROR - Traceback (most recent call last):
  File "/home/bhanu/IITM/Courses/MLOps/devops-project/server/scripts/run_pipeline.py", line 51, in run_feature_selection
    log_metrics_and_artifacts(
  File "/home/bhanu/IITM/Courses/MLOps/devops-project/server/scripts/mlflow_utils.py", line 103, in log_metrics_and_artifacts
    mlflow.log_artifact(fig_path, "important figures")
  File "/home/bhanu/IITM/Courses/MLOps/Feature-Selection/venv/lib/python3.9/site-packages/mlflow/tracking/fluent.py", line 1179, in log_artifact
    MlflowClient().log_artifact(run_id, local_path, artifact_path)
  File "/home/bhanu/IITM/Courses/MLOps/Feature-Selection/venv/lib/python3.9/site-packages/mlflow/tracking/client.py", line 2379, in log_artifact
    self._tracking_client.log_artifact(run_id, local_path, artifact_path)
  File "/home/bhanu/IITM/Courses/MLOps/Feature-Selection/venv/lib/python3.9/site-packages/mlflow/tracking/_tracking_service/client.py", line 931, in log_artifact
    artifact_repo.log_artifact(local_path, artifact_path)
  File "/home/bhanu/IITM/Courses/MLOps/Feature-Selection/venv/lib/python3.9/site-packages/mlflow/store/artifact/http_artifact_repo.py", line 62, in log_artifact
    with open(local_file, "rb") as f:
FileNotFoundError: [Errno 2] No such file or directory: 'figures/normal_fpi_importance.png'

2025-04-28 13:14:49 - INFO - Default parameters: {'train_file': '/home/bhanu/IITM/Courses/MLOps/devops-project/server/uploads/23cc1336399f38590d11a8a967619661', 'validation_file': '/home/bhanu/IITM/Courses/MLOps/devops-project/server/uploads/validation.csv', 'test_file': '/home/bhanu/IITM/Courses/MLOps/devops-project/server/uploads/7f25156e3d0d8e82ef46abba4024d99e', 'target_column': 'Class', 'train_on': 'normal', 'feature_selection': 'fpi', 'feature_threshold': 0.1, 'model_threshold': 0, 'model': 'LogisticRegression', 'cross_validation': 5, 'autoencoder': {'ratios': [0.8, 0.5, 0.2], 'epochs': 10, 'batch_size': 32, 'dropout': 0.1, 'hidden_activation': 'selu', 'optimizer': 'adam', 'loss': 'mse'}, 'model_params': {'C': 0.01, 'penalty': 'l2', 'solver': 'lbfgs', 'max_iter': 200, 'random_state': 42}}
2025-04-28 13:14:49 - INFO - Running initial feature selection using default parameters
2025-04-28 13:16:55 - ERROR - Error during feature selection: [Errno 2] No such file or directory: 'artifacts/73b7f4a43a884ca28dbf127d77bcf872feature selection/features_dropped.txt'
2025-04-28 13:16:55 - ERROR - Traceback (most recent call last):
  File "/home/bhanu/IITM/Courses/MLOps/devops-project/server/scripts/run_pipeline.py", line 51, in run_feature_selection
    log_metrics_and_artifacts(
  File "/home/bhanu/IITM/Courses/MLOps/devops-project/server/scripts/mlflow_utils.py", line 106, in log_metrics_and_artifacts
    with open(f"artifacts/{run_id}feature selection/features_dropped.txt", "r") as f:
FileNotFoundError: [Errno 2] No such file or directory: 'artifacts/73b7f4a43a884ca28dbf127d77bcf872feature selection/features_dropped.txt'

2025-04-28 13:16:55 - ERROR - Error in setup: [Errno 2] No such file or directory: 'artifacts/73b7f4a43a884ca28dbf127d77bcf872feature selection/features_dropped.txt'
2025-04-28 13:16:55 - ERROR - Traceback (most recent call last):
  File "/home/bhanu/IITM/Courses/MLOps/devops-project/server/scripts/run_pipeline.py", line 51, in run_feature_selection
    log_metrics_and_artifacts(
  File "/home/bhanu/IITM/Courses/MLOps/devops-project/server/scripts/mlflow_utils.py", line 106, in log_metrics_and_artifacts
    with open(f"artifacts/{run_id}feature selection/features_dropped.txt", "r") as f:
FileNotFoundError: [Errno 2] No such file or directory: 'artifacts/73b7f4a43a884ca28dbf127d77bcf872feature selection/features_dropped.txt'

2025-04-28 13:21:35 - INFO - Default parameters: {'train_file': '/home/bhanu/IITM/Courses/MLOps/devops-project/server/uploads/fef0fda353fccce6a201f7e70e3249c8', 'validation_file': '/home/bhanu/IITM/Courses/MLOps/devops-project/server/uploads/validation.csv', 'test_file': '/home/bhanu/IITM/Courses/MLOps/devops-project/server/uploads/046af58aff36817b13dd5a131319c9fe', 'target_column': 'Class', 'train_on': 'normal', 'feature_selection': 'fpi', 'feature_threshold': 0.1, 'model_threshold': 0, 'model': 'LogisticRegression', 'cross_validation': 5, 'autoencoder': {'ratios': [0.8, 0.5, 0.2], 'epochs': 10, 'batch_size': 32, 'dropout': 0.1, 'hidden_activation': 'selu', 'optimizer': 'adam', 'loss': 'mse'}, 'model_params': {'C': 0.01, 'penalty': 'l2', 'solver': 'lbfgs', 'max_iter': 200, 'random_state': 42}}
2025-04-28 13:21:35 - INFO - Running initial feature selection using default parameters
2025-04-28 13:22:56 - INFO - Feature selection completed. Dropped features: ['V1', 'V4', 'V9', 'V13', 'V15', 'V16', 'V17', 'V19', 'V27', 'Amount']
2025-04-28 13:27:43 - INFO - Default parameters: {'train_file': '/home/bhanu/IITM/Courses/MLOps/devops-project/server/uploads/3309c1490039c399d86c2cc3bf48ffb9', 'validation_file': '/home/bhanu/IITM/Courses/MLOps/devops-project/server/uploads/validation.csv', 'test_file': '/home/bhanu/IITM/Courses/MLOps/devops-project/server/uploads/bfeec038376f6943a30164d6d281eb3b', 'target_column': 'Class', 'train_on': 'normal', 'feature_selection': 'fpi', 'feature_threshold': 0.1, 'model_threshold': 0, 'model': 'LogisticRegression', 'cross_validation': 5, 'autoencoder': {'ratios': [0.8, 0.5, 0.2], 'epochs': 10, 'batch_size': 32, 'dropout': 0.1, 'hidden_activation': 'selu', 'optimizer': 'adam', 'loss': 'mse'}, 'model_params': {'C': 0.01, 'penalty': 'l2', 'solver': 'lbfgs', 'max_iter': 200, 'random_state': 42}}
2025-04-28 13:27:43 - INFO - Running initial feature selection using default parameters
2025-04-28 13:29:25 - INFO - Default parameters: {'train_file': '/home/bhanu/IITM/Courses/MLOps/devops-project/server/uploads/a78babfac01665e2fa93a9d8174d88fd', 'validation_file': '/home/bhanu/IITM/Courses/MLOps/devops-project/server/uploads/validation.csv', 'test_file': '/home/bhanu/IITM/Courses/MLOps/devops-project/server/uploads/1d209db9cccdb092f22f328a90eff79c', 'target_column': 'Class', 'train_on': 'normal', 'feature_selection': 'fpi', 'feature_threshold': 0.1, 'model_threshold': 0, 'model': 'LogisticRegression', 'cross_validation': 5, 'autoencoder': {'ratios': [0.8, 0.5, 0.2], 'epochs': 10, 'batch_size': 32, 'dropout': 0.1, 'hidden_activation': 'selu', 'optimizer': 'adam', 'loss': 'mse'}, 'model_params': {'C': 0.01, 'penalty': 'l2', 'solver': 'lbfgs', 'max_iter': 200, 'random_state': 42}}
2025-04-28 13:29:25 - INFO - Running initial feature selection using default parameters
2025-04-28 13:30:49 - INFO - Feature selection completed. Dropped features: ['V1', 'V2', 'V4', 'V9', 'V10', 'V11', 'V13', 'V15', 'V19', 'V23', 'Amount']
2025-04-28 14:04:40 - INFO - Default parameters: {'train_file': '/home/bhanu/IITM/Courses/MLOps/devops-project/server/uploads/53e8197b0a887dcc818db68d21e75151', 'validation_file': '/home/bhanu/IITM/Courses/MLOps/devops-project/server/uploads/validation.csv', 'test_file': '/home/bhanu/IITM/Courses/MLOps/devops-project/server/uploads/b2094e75aaebb35716b9d2d9a4d7d92e', 'target_column': 'Class', 'train_on': 'normal', 'feature_selection': 'fpi', 'feature_threshold': 0.1, 'model_threshold': 0, 'model': 'LogisticRegression', 'cross_validation': 5, 'autoencoder': {'ratios': [0.8, 0.5, 0.2], 'epochs': 10, 'batch_size': 32, 'dropout': 0.1, 'hidden_activation': 'selu', 'optimizer': 'adam', 'loss': 'mse'}, 'model_params': {'C': 0.01, 'penalty': 'l2', 'solver': 'lbfgs', 'max_iter': 200, 'random_state': 42}}
2025-04-28 14:04:40 - INFO - Running initial feature selection using default parameters
2025-04-28 14:09:52 - INFO - Default parameters: {'train_file': '/home/bhanu/IITM/Courses/MLOps/devops-project/server/uploads/1a712472482160a3e842f1e48d379ddb', 'validation_file': '/home/bhanu/IITM/Courses/MLOps/devops-project/server/uploads/validation.csv', 'test_file': '/home/bhanu/IITM/Courses/MLOps/devops-project/server/uploads/302e4f1117e7577e9b71b764e4c9d092', 'target_column': 'Class', 'train_on': 'normal', 'feature_selection': 'fpi', 'feature_threshold': 0.1, 'model_threshold': 0, 'model': 'LogisticRegression', 'cross_validation': 5, 'autoencoder': {'ratios': [0.8, 0.5, 0.2], 'epochs': 10, 'batch_size': 32, 'dropout': 0.1, 'hidden_activation': 'selu', 'optimizer': 'adam', 'loss': 'mse'}, 'model_params': {'C': 0.01, 'penalty': 'l2', 'solver': 'lbfgs', 'max_iter': 200, 'random_state': 42}}
2025-04-28 14:09:52 - INFO - Running initial feature selection using default parameters
2025-04-28 14:11:09 - INFO - Feature selection completed. Dropped features: ['V3', 'V6', 'V7', 'V9', 'V11', 'V13', 'V17', 'V22', 'V23', 'V25', 'V28']
2025-04-28 19:43:10 - INFO - Default parameters: {'train_file': '/home/bhanu/IITM/Courses/MLOps/devops-project/server/uploads/ae7b9efed5f1e12a59c0bc5c8ebfaf62', 'validation_file': '/home/bhanu/IITM/Courses/MLOps/devops-project/server/uploads/validation.csv', 'test_file': '/home/bhanu/IITM/Courses/MLOps/devops-project/server/uploads/24eaa6856a79f1d07fe150045653a543', 'target_column': 'Class', 'train_on': 'normal', 'feature_selection': 'fpi', 'feature_threshold': 0.1, 'model_threshold': 0, 'model': 'LogisticRegression', 'cross_validation': 5, 'autoencoder': {'ratios': [0.8, 0.5, 0.2], 'epochs': 10, 'batch_size': 32, 'dropout': 0.1, 'hidden_activation': 'selu', 'optimizer': 'adam', 'loss': 'mse'}, 'model_params': {'C': 0.01, 'penalty': 'l2', 'solver': 'lbfgs', 'max_iter': 200, 'random_state': 42}}
2025-04-28 19:43:10 - INFO - Running initial feature selection using default parameters
2025-04-28 19:53:55 - INFO - Default parameters: {'train_file': '/home/bhanu/IITM/Courses/MLOps/devops-project/server/uploads/4245c601022ac6dbaadf00775fb1c503', 'validation_file': '/home/bhanu/IITM/Courses/MLOps/devops-project/server/uploads/validation.csv', 'test_file': '/home/bhanu/IITM/Courses/MLOps/devops-project/server/uploads/77625166aae47d3bfdff547897dc4871', 'target_column': 'Class', 'train_on': 'normal', 'feature_selection': 'fpi', 'feature_threshold': 0.1, 'model_threshold': 0, 'model': 'LogisticRegression', 'cross_validation': 5, 'autoencoder': {'ratios': [0.8, 0.5, 0.2], 'epochs': 10, 'batch_size': 32, 'dropout': 0.1, 'hidden_activation': 'selu', 'optimizer': 'adam', 'loss': 'mse'}, 'model_params': {'C': 0.01, 'penalty': 'l2', 'solver': 'lbfgs', 'max_iter': 200, 'random_state': 42}}
2025-04-28 19:53:55 - INFO - Running initial feature selection using default parameters
2025-04-28 19:55:08 - INFO - Feature selection completed. Dropped features: ['V1', 'V2', 'V3', 'V6', 'V7', 'V8', 'V11', 'V12', 'V14', 'V15', 'V16', 'V19', 'V20', 'V22', 'V23', 'V25', 'V28']
2025-04-28 19:56:02 - INFO - Default parameters: {'train_file': '/home/bhanu/IITM/Courses/MLOps/devops-project/server/uploads/eec6784b3e2aa0dd1af9d08825350d57', 'validation_file': '/home/bhanu/IITM/Courses/MLOps/devops-project/server/uploads/validation.csv', 'test_file': '/home/bhanu/IITM/Courses/MLOps/devops-project/server/uploads/e765a650cca97328ad217028932a03ca', 'target_column': 'Class', 'train_on': 'normal', 'feature_selection': 'fpi', 'feature_threshold': 0.1, 'model_threshold': 0, 'model': 'LogisticRegression', 'cross_validation': 5, 'autoencoder': {'ratios': [0.8, 0.5, 0.2], 'epochs': 10, 'batch_size': 32, 'dropout': 0.1, 'hidden_activation': 'selu', 'optimizer': 'adam', 'loss': 'mse'}, 'model_params': {'C': 0.01, 'penalty': 'l2', 'solver': 'lbfgs', 'max_iter': 200, 'random_state': 42}}
2025-04-28 19:56:02 - INFO - Running initial feature selection using default parameters
2025-04-28 19:58:09 - INFO - Default parameters: {'train_file': '/home/bhanu/IITM/Courses/MLOps/devops-project/server/uploads/e90a5e13e9d6d00595cb481236af4c1c', 'validation_file': '/home/bhanu/IITM/Courses/MLOps/devops-project/server/uploads/validation.csv', 'test_file': '/home/bhanu/IITM/Courses/MLOps/devops-project/server/uploads/883d3c20339a9e42ae14c77895e5c6c5', 'target_column': 'Class', 'train_on': 'normal', 'feature_selection': 'fpi', 'feature_threshold': 0.1, 'model_threshold': 0, 'model': 'LogisticRegression', 'cross_validation': 5, 'autoencoder': {'ratios': [0.8, 0.5, 0.2], 'epochs': 10, 'batch_size': 32, 'dropout': 0.1, 'hidden_activation': 'selu', 'optimizer': 'adam', 'loss': 'mse'}, 'model_params': {'C': 0.01, 'penalty': 'l2', 'solver': 'lbfgs', 'max_iter': 200, 'random_state': 42}}
2025-04-28 19:58:09 - INFO - Running initial feature selection using default parameters
2025-04-28 19:59:52 - INFO - Feature selection completed. Dropped features: ['V1', 'V6', 'V7', 'V8', 'V15', 'V18', 'V22', 'V23', 'V26', 'Amount']
2025-04-28 20:02:27 - INFO - Default parameters: {'train_file': '/home/bhanu/IITM/Courses/MLOps/devops-project/server/uploads/ada9373ae9b1d5c862c37b699e851300', 'validation_file': '/home/bhanu/IITM/Courses/MLOps/devops-project/server/uploads/validation.csv', 'test_file': '/home/bhanu/IITM/Courses/MLOps/devops-project/server/uploads/4f8548193ff3089860183e6c3c9ef306', 'target_column': 'Class', 'train_on': 'normal', 'feature_selection': 'fpi', 'feature_threshold': 0.1, 'model_threshold': 0, 'model': 'LogisticRegression', 'cross_validation': 5, 'autoencoder': {'ratios': [0.8, 0.5, 0.2], 'epochs': 10, 'batch_size': 32, 'dropout': 0.1, 'hidden_activation': 'selu', 'optimizer': 'adam', 'loss': 'mse'}, 'model_params': {'C': 0.01, 'penalty': 'l2', 'solver': 'lbfgs', 'max_iter': 200, 'random_state': 42}}
2025-04-28 20:02:27 - INFO - Running initial feature selection using default parameters
2025-04-28 20:07:04 - INFO - Default parameters: {'train_file': '/home/bhanu/IITM/Courses/MLOps/devops-project/server/uploads/959b874a06800d6e04afddbf46f7d463', 'validation_file': '/home/bhanu/IITM/Courses/MLOps/devops-project/server/uploads/validation.csv', 'test_file': '/home/bhanu/IITM/Courses/MLOps/devops-project/server/uploads/d1adc10a8ea4228ab0bb55a985c69a47', 'target_column': 'Class', 'train_on': 'normal', 'feature_selection': 'fpi', 'feature_threshold': 0.1, 'model_threshold': 0, 'model': 'LogisticRegression', 'cross_validation': 5, 'autoencoder': {'ratios': [0.8, 0.5, 0.2], 'epochs': 10, 'batch_size': 32, 'dropout': 0.1, 'hidden_activation': 'selu', 'optimizer': 'adam', 'loss': 'mse'}, 'model_params': {'C': 0.01, 'penalty': 'l2', 'solver': 'lbfgs', 'max_iter': 200, 'random_state': 42}}
2025-04-28 20:07:04 - INFO - Running initial feature selection using default parameters
2025-04-28 20:08:22 - INFO - Feature selection completed. Dropped features: ['V1', 'V6', 'V9', 'V11', 'V13', 'V15', 'V22']
2025-04-28 20:09:52 - INFO - Default parameters: {'train_file': '/home/bhanu/IITM/Courses/MLOps/devops-project/server/uploads/995c44eb0f758e1401dddf9757305193', 'validation_file': '/home/bhanu/IITM/Courses/MLOps/devops-project/server/uploads/validation.csv', 'test_file': '/home/bhanu/IITM/Courses/MLOps/devops-project/server/uploads/692da814b973fa4e37799ea0e3390d3a', 'target_column': 'Class', 'train_on': 'normal', 'feature_selection': 'fpi', 'feature_threshold': 0.1, 'model_threshold': 0, 'model': 'LogisticRegression', 'cross_validation': 5, 'autoencoder': {'ratios': [0.8, 0.5, 0.2], 'epochs': 10, 'batch_size': 32, 'dropout': 0.1, 'hidden_activation': 'selu', 'optimizer': 'adam', 'loss': 'mse'}, 'model_params': {'C': 0.01, 'penalty': 'l2', 'solver': 'lbfgs', 'max_iter': 200, 'random_state': 42}}
2025-04-28 20:09:52 - INFO - Running initial feature selection using default parameters
2025-04-28 20:11:20 - INFO - Feature selection completed. Dropped features: ['V1', 'V4', 'V5', 'V6', 'V11', 'V12', 'V19', 'V25', 'Amount']
2025-04-28 20:13:25 - INFO - Default parameters: {'train_file': '/home/bhanu/IITM/Courses/MLOps/devops-project/server/uploads/884b6839b2eed9adf8e57950485f77e1', 'validation_file': '/home/bhanu/IITM/Courses/MLOps/devops-project/server/uploads/validation.csv', 'test_file': '/home/bhanu/IITM/Courses/MLOps/devops-project/server/uploads/95fad926d29cb8bc3ac1ac128cccbc75', 'target_column': 'Class', 'train_on': 'normal', 'feature_selection': 'fpi', 'feature_threshold': 0.1, 'model_threshold': 0, 'model': 'LogisticRegression', 'cross_validation': 5, 'autoencoder': {'ratios': [0.8, 0.5, 0.2], 'epochs': 10, 'batch_size': 32, 'dropout': 0.1, 'hidden_activation': 'selu', 'optimizer': 'adam', 'loss': 'mse'}, 'model_params': {'C': 0.01, 'penalty': 'l2', 'solver': 'lbfgs', 'max_iter': 200, 'random_state': 42}}
2025-04-28 20:13:26 - INFO - Running initial feature selection using default parameters
2025-04-28 20:14:41 - INFO - Feature selection completed. Dropped features: ['V1', 'V2', 'V3', 'V4', 'V5', 'V6', 'V7', 'V8', 'V9', 'V12', 'V19', 'V21', 'V22', 'V23', 'V24', 'V26', 'Amount']
2025-04-28 20:21:07 - INFO - Default parameters: {'train_file': '/home/bhanu/IITM/Courses/MLOps/devops-project/server/uploads/9ab9625a77be0fca94eb947f8c182bfd', 'validation_file': '/home/bhanu/IITM/Courses/MLOps/devops-project/server/uploads/validation.csv', 'test_file': '/home/bhanu/IITM/Courses/MLOps/devops-project/server/uploads/943a9983e9e2e1f061412f7007cc7f9b', 'target_column': 'Class', 'train_on': 'normal', 'feature_selection': 'fpi', 'feature_threshold': 0.1, 'model_threshold': 0, 'model': 'LogisticRegression', 'cross_validation': 5, 'autoencoder': {'ratios': [0.8, 0.5, 0.2], 'epochs': 10, 'batch_size': 32, 'dropout': 0.1, 'hidden_activation': 'selu', 'optimizer': 'adam', 'loss': 'mse'}, 'model_params': {'C': 0.01, 'penalty': 'l2', 'solver': 'lbfgs', 'max_iter': 200, 'random_state': 42}}
2025-04-28 20:21:07 - INFO - Running initial feature selection using default parameters
2025-04-28 20:23:26 - INFO - Default parameters: {'train_file': '/home/bhanu/IITM/Courses/MLOps/devops-project/server/uploads/4c2cedb76d7ebb38e5b221cd8f50ce74', 'validation_file': '/home/bhanu/IITM/Courses/MLOps/devops-project/server/uploads/validation.csv', 'test_file': '/home/bhanu/IITM/Courses/MLOps/devops-project/server/uploads/2729f32086180b9d45851cfdf403b44c', 'target_column': 'Class', 'train_on': 'normal', 'feature_selection': 'fpi', 'feature_threshold': 0.1, 'model_threshold': 0, 'model': 'LogisticRegression', 'cross_validation': 5, 'autoencoder': {'ratios': [0.8, 0.5, 0.2], 'epochs': 10, 'batch_size': 32, 'dropout': 0.1, 'hidden_activation': 'selu', 'optimizer': 'adam', 'loss': 'mse'}, 'model_params': {'C': 0.01, 'penalty': 'l2', 'solver': 'lbfgs', 'max_iter': 200, 'random_state': 42}}
2025-04-28 20:23:26 - INFO - Running initial feature selection using default parameters
2025-04-28 20:26:10 - INFO - Feature selection completed. Dropped features: ['V1', 'V2', 'V3', 'V4', 'V5', 'V9', 'V10', 'V11', 'V26', 'Amount']
2025-04-28 20:29:57 - INFO - Default parameters: {'train_file': '/home/bhanu/IITM/Courses/MLOps/devops-project/server/uploads/e18517dd3b07077353482644f485881a', 'validation_file': '/home/bhanu/IITM/Courses/MLOps/devops-project/server/uploads/validation.csv', 'test_file': '/home/bhanu/IITM/Courses/MLOps/devops-project/server/uploads/da636e4e189402b5f348b2dfab05302c', 'target_column': 'Class', 'train_on': 'normal', 'feature_selection': 'fpi', 'feature_threshold': 0.1, 'model_threshold': 0, 'model': 'LogisticRegression', 'cross_validation': 5, 'autoencoder': {'ratios': [0.8, 0.5, 0.2], 'epochs': 10, 'batch_size': 32, 'dropout': 0.1, 'hidden_activation': 'selu', 'optimizer': 'adam', 'loss': 'mse'}, 'model_params': {'C': 0.01, 'penalty': 'l2', 'solver': 'lbfgs', 'max_iter': 200, 'random_state': 42}}
2025-04-28 20:29:57 - INFO - Running initial feature selection using default parameters
2025-04-28 20:30:58 - INFO - Feature selection completed. Dropped features: ['V1', 'V4', 'V5', 'V11', 'V12', 'V13', 'V16', 'V18', 'V19', 'V20', 'V21', 'V22', 'V26', 'Amount']
2025-04-28 23:14:25 - INFO - Default parameters: {'train_file': '/home/bhanu/IITM/Courses/MLOps/devops-project/server/uploads/4cf2d387f88929aec9fe5749a603a9b4', 'validation_file': '/home/bhanu/IITM/Courses/MLOps/devops-project/server/uploads/validation.csv', 'test_file': '/home/bhanu/IITM/Courses/MLOps/devops-project/server/uploads/d84983311a170d006a10646cf013d719', 'target_column': 'Class', 'train_on': 'normal', 'feature_selection': 'fpi', 'feature_threshold': 0.1, 'model_threshold': 0, 'model': 'LogisticRegression', 'cross_validation': 5, 'autoencoder': {'ratios': [0.8, 0.5, 0.2], 'epochs': 10, 'batch_size': 32, 'dropout': 0.1, 'hidden_activation': 'selu', 'optimizer': 'adam', 'loss': 'mse'}, 'model_params': {'C': 0.01, 'penalty': 'l2', 'solver': 'lbfgs', 'max_iter': 200, 'random_state': 42}}
2025-04-28 23:14:25 - WARNING - Retrying (Retry(total=6, connect=6, read=7, redirect=7, status=7)) after connection broken by 'NewConnectionError('<urllib3.connection.HTTPConnection object at 0x747e5e919cd0>: Failed to establish a new connection: [Errno 111] Connection refused')': /api/2.0/mlflow/experiments/get-by-name?experiment_name=Feature_Selection_Pipeline
2025-04-28 23:14:30 - WARNING - Retrying (Retry(total=5, connect=5, read=7, redirect=7, status=7)) after connection broken by 'NewConnectionError('<urllib3.connection.HTTPConnection object at 0x747e5e9398b0>: Failed to establish a new connection: [Errno 111] Connection refused')': /api/2.0/mlflow/experiments/get-by-name?experiment_name=Feature_Selection_Pipeline
2025-04-28 23:14:39 - WARNING - Retrying (Retry(total=4, connect=4, read=7, redirect=7, status=7)) after connection broken by 'NewConnectionError('<urllib3.connection.HTTPConnection object at 0x747e5e939190>: Failed to establish a new connection: [Errno 111] Connection refused')': /api/2.0/mlflow/experiments/get-by-name?experiment_name=Feature_Selection_Pipeline
2025-04-28 23:14:56 - WARNING - Retrying (Retry(total=3, connect=3, read=7, redirect=7, status=7)) after connection broken by 'NewConnectionError('<urllib3.connection.HTTPConnection object at 0x747e5e939280>: Failed to establish a new connection: [Errno 111] Connection refused')': /api/2.0/mlflow/experiments/get-by-name?experiment_name=Feature_Selection_Pipeline
2025-04-28 23:15:28 - WARNING - Retrying (Retry(total=2, connect=2, read=7, redirect=7, status=7)) after connection broken by 'NewConnectionError('<urllib3.connection.HTTPConnection object at 0x747e5e9394f0>: Failed to establish a new connection: [Errno 111] Connection refused')': /api/2.0/mlflow/experiments/get-by-name?experiment_name=Feature_Selection_Pipeline
2025-04-28 23:16:32 - WARNING - Retrying (Retry(total=1, connect=1, read=7, redirect=7, status=7)) after connection broken by 'NewConnectionError('<urllib3.connection.HTTPConnection object at 0x747e5e939af0>: Failed to establish a new connection: [Errno 111] Connection refused')': /api/2.0/mlflow/experiments/get-by-name?experiment_name=Feature_Selection_Pipeline
2025-04-28 23:18:32 - WARNING - Retrying (Retry(total=0, connect=0, read=7, redirect=7, status=7)) after connection broken by 'NewConnectionError('<urllib3.connection.HTTPConnection object at 0x747e5e939ca0>: Failed to establish a new connection: [Errno 111] Connection refused')': /api/2.0/mlflow/experiments/get-by-name?experiment_name=Feature_Selection_Pipeline
2025-04-28 23:18:32 - ERROR - Error in setup: API request to http://localhost:5001/api/2.0/mlflow/experiments/get-by-name failed with exception HTTPConnectionPool(host='localhost', port=5001): Max retries exceeded with url: /api/2.0/mlflow/experiments/get-by-name?experiment_name=Feature_Selection_Pipeline (Caused by NewConnectionError('<urllib3.connection.HTTPConnection object at 0x747e5e939c70>: Failed to establish a new connection: [Errno 111] Connection refused'))
2025-04-28 23:18:32 - ERROR - Traceback (most recent call last):
  File "/home/bhanu/IITM/Courses/MLOps/Feature-Selection/venv/lib/python3.9/site-packages/urllib3/connection.py", line 198, in _new_conn
    sock = connection.create_connection(
  File "/home/bhanu/IITM/Courses/MLOps/Feature-Selection/venv/lib/python3.9/site-packages/urllib3/util/connection.py", line 85, in create_connection
    raise err
  File "/home/bhanu/IITM/Courses/MLOps/Feature-Selection/venv/lib/python3.9/site-packages/urllib3/util/connection.py", line 73, in create_connection
    sock.connect(sa)
ConnectionRefusedError: [Errno 111] Connection refused

The above exception was the direct cause of the following exception:

Traceback (most recent call last):
  File "/home/bhanu/IITM/Courses/MLOps/Feature-Selection/venv/lib/python3.9/site-packages/urllib3/connectionpool.py", line 787, in urlopen
    response = self._make_request(
  File "/home/bhanu/IITM/Courses/MLOps/Feature-Selection/venv/lib/python3.9/site-packages/urllib3/connectionpool.py", line 493, in _make_request
    conn.request(
  File "/home/bhanu/IITM/Courses/MLOps/Feature-Selection/venv/lib/python3.9/site-packages/urllib3/connection.py", line 445, in request
    self.endheaders()
  File "/home/bhanu/anaconda3/lib/python3.9/http/client.py", line 1280, in endheaders
    self._send_output(message_body, encode_chunked=encode_chunked)
  File "/home/bhanu/anaconda3/lib/python3.9/http/client.py", line 1040, in _send_output
    self.send(msg)
  File "/home/bhanu/anaconda3/lib/python3.9/http/client.py", line 980, in send
    self.connect()
  File "/home/bhanu/IITM/Courses/MLOps/Feature-Selection/venv/lib/python3.9/site-packages/urllib3/connection.py", line 276, in connect
    self.sock = self._new_conn()
  File "/home/bhanu/IITM/Courses/MLOps/Feature-Selection/venv/lib/python3.9/site-packages/urllib3/connection.py", line 213, in _new_conn
    raise NewConnectionError(
urllib3.exceptions.NewConnectionError: <urllib3.connection.HTTPConnection object at 0x747e5e939c70>: Failed to establish a new connection: [Errno 111] Connection refused

The above exception was the direct cause of the following exception:

Traceback (most recent call last):
  File "/home/bhanu/IITM/Courses/MLOps/Feature-Selection/venv/lib/python3.9/site-packages/requests/adapters.py", line 667, in send
    resp = conn.urlopen(
  File "/home/bhanu/IITM/Courses/MLOps/Feature-Selection/venv/lib/python3.9/site-packages/urllib3/connectionpool.py", line 871, in urlopen
    return self.urlopen(
  File "/home/bhanu/IITM/Courses/MLOps/Feature-Selection/venv/lib/python3.9/site-packages/urllib3/connectionpool.py", line 871, in urlopen
    return self.urlopen(
  File "/home/bhanu/IITM/Courses/MLOps/Feature-Selection/venv/lib/python3.9/site-packages/urllib3/connectionpool.py", line 871, in urlopen
    return self.urlopen(
  [Previous line repeated 4 more times]
  File "/home/bhanu/IITM/Courses/MLOps/Feature-Selection/venv/lib/python3.9/site-packages/urllib3/connectionpool.py", line 841, in urlopen
    retries = retries.increment(
  File "/home/bhanu/IITM/Courses/MLOps/Feature-Selection/venv/lib/python3.9/site-packages/urllib3/util/retry.py", line 519, in increment
    raise MaxRetryError(_pool, url, reason) from reason  # type: ignore[arg-type]
urllib3.exceptions.MaxRetryError: HTTPConnectionPool(host='localhost', port=5001): Max retries exceeded with url: /api/2.0/mlflow/experiments/get-by-name?experiment_name=Feature_Selection_Pipeline (Caused by NewConnectionError('<urllib3.connection.HTTPConnection object at 0x747e5e939c70>: Failed to establish a new connection: [Errno 111] Connection refused'))

During handling of the above exception, another exception occurred:

Traceback (most recent call last):
  File "/home/bhanu/IITM/Courses/MLOps/Feature-Selection/venv/lib/python3.9/site-packages/mlflow/utils/rest_utils.py", line 184, in http_request
    return _get_http_response_with_retries(
  File "/home/bhanu/IITM/Courses/MLOps/Feature-Selection/venv/lib/python3.9/site-packages/mlflow/utils/request_utils.py", line 237, in _get_http_response_with_retries
    return session.request(method, url, allow_redirects=allow_redirects, **kwargs)
  File "/home/bhanu/IITM/Courses/MLOps/Feature-Selection/venv/lib/python3.9/site-packages/requests/sessions.py", line 589, in request
    resp = self.send(prep, **send_kwargs)
  File "/home/bhanu/IITM/Courses/MLOps/Feature-Selection/venv/lib/python3.9/site-packages/requests/sessions.py", line 703, in send
    r = adapter.send(request, **kwargs)
  File "/home/bhanu/IITM/Courses/MLOps/Feature-Selection/venv/lib/python3.9/site-packages/requests/adapters.py", line 700, in send
    raise ConnectionError(e, request=request)
requests.exceptions.ConnectionError: HTTPConnectionPool(host='localhost', port=5001): Max retries exceeded with url: /api/2.0/mlflow/experiments/get-by-name?experiment_name=Feature_Selection_Pipeline (Caused by NewConnectionError('<urllib3.connection.HTTPConnection object at 0x747e5e939c70>: Failed to establish a new connection: [Errno 111] Connection refused'))

During handling of the above exception, another exception occurred:

Traceback (most recent call last):
  File "/home/bhanu/IITM/Courses/MLOps/devops-project/server/scripts/run_pipeline.py", line 41, in run_feature_selection
    init_mlflow()
  File "/home/bhanu/IITM/Courses/MLOps/devops-project/server/scripts/mlflow_utils.py", line 10, in init_mlflow
    experiment = mlflow.get_experiment_by_name(experiment_name)
  File "/home/bhanu/IITM/Courses/MLOps/Feature-Selection/venv/lib/python3.9/site-packages/mlflow/tracking/fluent.py", line 1678, in get_experiment_by_name
    return MlflowClient().get_experiment_by_name(name)
  File "/home/bhanu/IITM/Courses/MLOps/Feature-Selection/venv/lib/python3.9/site-packages/mlflow/tracking/client.py", line 1703, in get_experiment_by_name
    return self._tracking_client.get_experiment_by_name(name)
  File "/home/bhanu/IITM/Courses/MLOps/Feature-Selection/venv/lib/python3.9/site-packages/mlflow/tracking/_tracking_service/client.py", line 591, in get_experiment_by_name
    return self.store.get_experiment_by_name(name)
  File "/home/bhanu/IITM/Courses/MLOps/Feature-Selection/venv/lib/python3.9/site-packages/mlflow/store/tracking/rest_store.py", line 641, in get_experiment_by_name
    response_proto = self._call_endpoint(GetExperimentByName, req_body)
  File "/home/bhanu/IITM/Courses/MLOps/Feature-Selection/venv/lib/python3.9/site-packages/mlflow/store/tracking/rest_store.py", line 90, in _call_endpoint
    return call_endpoint(self.get_host_creds(), endpoint, method, json_body, response_proto)
  File "/home/bhanu/IITM/Courses/MLOps/Feature-Selection/venv/lib/python3.9/site-packages/mlflow/utils/rest_utils.py", line 397, in call_endpoint
    response = http_request(**call_kwargs)
  File "/home/bhanu/IITM/Courses/MLOps/Feature-Selection/venv/lib/python3.9/site-packages/mlflow/utils/rest_utils.py", line 207, in http_request
    raise MlflowException(f"API request to {url} failed with exception {e}")
mlflow.exceptions.MlflowException: API request to http://localhost:5001/api/2.0/mlflow/experiments/get-by-name failed with exception HTTPConnectionPool(host='localhost', port=5001): Max retries exceeded with url: /api/2.0/mlflow/experiments/get-by-name?experiment_name=Feature_Selection_Pipeline (Caused by NewConnectionError('<urllib3.connection.HTTPConnection object at 0x747e5e939c70>: Failed to establish a new connection: [Errno 111] Connection refused'))

2025-04-28 23:20:19 - INFO - Default parameters: {'train_file': '/home/bhanu/IITM/Courses/MLOps/devops-project/server/uploads/fd6948259122c37ff91e3b6cc175420c', 'validation_file': '/home/bhanu/IITM/Courses/MLOps/devops-project/server/uploads/validation.csv', 'test_file': '/home/bhanu/IITM/Courses/MLOps/devops-project/server/uploads/3ad648f40b2b76bf26cef0eb2f86202a', 'target_column': 'Class', 'train_on': 'normal', 'feature_selection': 'fpi', 'feature_threshold': 0.1, 'model_threshold': 0, 'model': 'LogisticRegression', 'cross_validation': 5, 'autoencoder': {'ratios': [0.8, 0.5, 0.2], 'epochs': 10, 'batch_size': 32, 'dropout': 0.1, 'hidden_activation': 'selu', 'optimizer': 'adam', 'loss': 'mse'}, 'model_params': {'C': 0.01, 'penalty': 'l2', 'solver': 'lbfgs', 'max_iter': 200, 'random_state': 42}}
2025-04-28 23:20:20 - INFO - Running initial feature selection using default parameters
2025-04-28 23:21:37 - INFO - Feature selection completed. Dropped features: ['V1', 'V5', 'V9', 'V11', 'V13', 'V20', 'V24', 'V25']
2025-04-28 23:30:22 - INFO - Default parameters: {'train_file': '/home/bhanu/IITM/Courses/MLOps/devops-project/server/uploads/935867c8bd3c873721536329321cca9f', 'validation_file': '/home/bhanu/IITM/Courses/MLOps/devops-project/server/uploads/validation.csv', 'test_file': '/home/bhanu/IITM/Courses/MLOps/devops-project/server/uploads/314198517a2fac174edea283e7279153', 'target_column': 'Class', 'train_on': 'normal', 'feature_selection': 'fpi', 'feature_threshold': 0.1, 'model_threshold': 0, 'model': 'LogisticRegression', 'cross_validation': 5, 'autoencoder': {'ratios': [0.8, 0.5, 0.2], 'epochs': 10, 'batch_size': 32, 'dropout': 0.1, 'hidden_activation': 'selu', 'optimizer': 'adam', 'loss': 'mse'}, 'model_params': {'C': 0.01, 'penalty': 'l2', 'solver': 'lbfgs', 'max_iter': 200, 'random_state': 42}}
2025-04-28 23:30:23 - INFO - Running initial feature selection using default parameters
2025-04-28 23:31:44 - INFO - Feature selection completed. Dropped features: ['V9', 'V10', 'V11', 'V13', 'V24', 'V25', 'V28']
2025-04-28 23:32:24 - INFO - Default parameters: {'train_file': '/home/bhanu/IITM/Courses/MLOps/devops-project/server/uploads/9d38cef71710070eb6b73093dc3f1938', 'validation_file': '/home/bhanu/IITM/Courses/MLOps/devops-project/server/uploads/validation.csv', 'test_file': '/home/bhanu/IITM/Courses/MLOps/devops-project/server/uploads/b035c94fd28188de6f23446a7e2ec749', 'target_column': 'Class', 'train_on': 'normal', 'feature_selection': 'fpi', 'feature_threshold': 0.1, 'model_threshold': 0, 'model': 'LogisticRegression', 'cross_validation': 5, 'autoencoder': {'ratios': [0.8, 0.5, 0.2], 'epochs': 10, 'batch_size': 32, 'dropout': 0.1, 'hidden_activation': 'selu', 'optimizer': 'adam', 'loss': 'mse'}, 'model_params': {'C': 0.01, 'penalty': 'l2', 'solver': 'lbfgs', 'max_iter': 200, 'random_state': 42}}
2025-04-28 23:32:25 - INFO - Running initial feature selection using default parameters
2025-04-28 23:34:47 - INFO - Default parameters: {'train_file': '/home/bhanu/IITM/Courses/MLOps/devops-project/server/uploads/dec206f81a1429baa9a16d6df840eff3', 'validation_file': '/home/bhanu/IITM/Courses/MLOps/devops-project/server/uploads/validation.csv', 'test_file': '/home/bhanu/IITM/Courses/MLOps/devops-project/server/uploads/3ffda4f0489173993b7be1cf5db1b0e8', 'target_column': 'Class', 'train_on': 'normal', 'feature_selection': 'fpi', 'feature_threshold': 0.1, 'model_threshold': 0, 'model': 'LogisticRegression', 'cross_validation': 5, 'autoencoder': {'ratios': [0.8, 0.5, 0.2], 'epochs': 10, 'batch_size': 32, 'dropout': 0.1, 'hidden_activation': 'selu', 'optimizer': 'adam', 'loss': 'mse'}, 'model_params': {'C': 0.01, 'penalty': 'l2', 'solver': 'lbfgs', 'max_iter': 200, 'random_state': 42}}
2025-04-28 23:34:47 - INFO - Running initial feature selection using default parameters
2025-04-28 23:36:02 - INFO - Feature selection completed. Dropped features: ['V6', 'V9', 'V11', 'V15', 'V21', 'V24', 'V27', 'V28']
2025-04-28 23:36:40 - INFO - Default parameters: {'train_file': '/home/bhanu/IITM/Courses/MLOps/devops-project/server/uploads/bac2c8ae7ef3fc2d3785e45db3ad4f7a', 'validation_file': '/home/bhanu/IITM/Courses/MLOps/devops-project/server/uploads/validation.csv', 'test_file': '/home/bhanu/IITM/Courses/MLOps/devops-project/server/uploads/a89ab4726e7e4ac405119fceaab6d6a2', 'target_column': 'Class', 'train_on': 'normal', 'feature_selection': 'fpi', 'feature_threshold': 0.1, 'model_threshold': 0, 'model': 'LogisticRegression', 'cross_validation': 5, 'autoencoder': {'ratios': [0.8, 0.5, 0.2], 'epochs': 10, 'batch_size': 32, 'dropout': 0.1, 'hidden_activation': 'selu', 'optimizer': 'adam', 'loss': 'mse'}, 'model_params': {'C': 0.01, 'penalty': 'l2', 'solver': 'lbfgs', 'max_iter': 200, 'random_state': 42}}
2025-04-28 23:36:41 - INFO - Running initial feature selection using default parameters
2025-04-28 23:38:03 - INFO - Feature selection completed. Dropped features: ['V1', 'V4', 'V9', 'V10', 'V13', 'V20', 'V22', 'V23', 'V25']
2025-04-28 23:46:21 - INFO - Default parameters: {'train_file': '/home/bhanu/IITM/Courses/MLOps/devops-project/server/uploads/7f57db374eeac507daf8a4efcc1c6568', 'validation_file': '/home/bhanu/IITM/Courses/MLOps/devops-project/server/uploads/validation.csv', 'test_file': '/home/bhanu/IITM/Courses/MLOps/devops-project/server/uploads/57fb0e691c3456c3820cc133ce942354', 'target_column': 'Class', 'train_on': 'normal', 'feature_selection': 'fpi', 'feature_threshold': 0.1, 'model_threshold': 0, 'model': 'LogisticRegression', 'cross_validation': 5, 'autoencoder': {'ratios': [0.8, 0.5, 0.2], 'epochs': 10, 'batch_size': 32, 'dropout': 0.1, 'hidden_activation': 'selu', 'optimizer': 'adam', 'loss': 'mse'}, 'model_params': {'C': 0.01, 'penalty': 'l2', 'solver': 'lbfgs', 'max_iter': 200, 'random_state': 42}}
2025-04-28 23:46:22 - INFO - Running initial feature selection using default parameters
2025-04-28 23:47:32 - INFO - Feature selection completed. Dropped features: ['V1', 'V2', 'V3', 'V6', 'V8', 'V9', 'V10', 'V12', 'V13', 'V19', 'V20', 'V22', 'V23', 'V26', 'V28', 'Amount']
2025-04-28 23:49:10 - INFO - Default parameters: {'train_file': '/home/bhanu/IITM/Courses/MLOps/devops-project/server/uploads/832ea23578f4eef6877b40babbaccd19', 'validation_file': '/home/bhanu/IITM/Courses/MLOps/devops-project/server/uploads/validation.csv', 'test_file': '/home/bhanu/IITM/Courses/MLOps/devops-project/server/uploads/753ae0c6d77f8fddd218c212885ac52f', 'target_column': 'Class', 'train_on': 'normal', 'feature_selection': 'fpi', 'feature_threshold': 0.1, 'model_threshold': 0, 'model': 'LogisticRegression', 'cross_validation': 5, 'autoencoder': {'ratios': [0.8, 0.5, 0.2], 'epochs': 10, 'batch_size': 32, 'dropout': 0.1, 'hidden_activation': 'selu', 'optimizer': 'adam', 'loss': 'mse'}, 'model_params': {'C': 0.01, 'penalty': 'l2', 'solver': 'lbfgs', 'max_iter': 200, 'random_state': 42}}
2025-04-28 23:49:11 - INFO - Running initial feature selection using default parameters
2025-04-28 23:50:58 - INFO - Default parameters: {'train_file': '/home/bhanu/IITM/Courses/MLOps/devops-project/server/uploads/bd01396d2b7960e73c4830a88044144b', 'validation_file': '/home/bhanu/IITM/Courses/MLOps/devops-project/server/uploads/validation.csv', 'test_file': '/home/bhanu/IITM/Courses/MLOps/devops-project/server/uploads/ebd70fa183f6924641af6c34c73ea939', 'target_column': 'Class', 'train_on': 'normal', 'feature_selection': 'fpi', 'feature_threshold': 0.1, 'model_threshold': 0, 'model': 'LogisticRegression', 'cross_validation': 5, 'autoencoder': {'ratios': [0.8, 0.5, 0.2], 'epochs': 10, 'batch_size': 32, 'dropout': 0.1, 'hidden_activation': 'selu', 'optimizer': 'adam', 'loss': 'mse'}, 'model_params': {'C': 0.01, 'penalty': 'l2', 'solver': 'lbfgs', 'max_iter': 200, 'random_state': 42}}
2025-04-28 23:50:58 - INFO - Running initial feature selection using default parameters
2025-04-28 23:52:22 - INFO - Feature selection completed. Dropped features: ['V4', 'V6', 'V11', 'V14', 'V15', 'V18', 'V22', 'V23', 'V24', 'V25', 'V26', 'Amount']
2025-04-28 23:54:49 - INFO - Default parameters: {'train_file': '/home/bhanu/IITM/Courses/MLOps/devops-project/server/uploads/570dfd548e1dda954925a22f1a893690', 'validation_file': '/home/bhanu/IITM/Courses/MLOps/devops-project/server/uploads/validation.csv', 'test_file': '/home/bhanu/IITM/Courses/MLOps/devops-project/server/uploads/4a27e2e7cfa25813b2c02916a749adad', 'target_column': 'Class', 'train_on': 'normal', 'feature_selection': 'fpi', 'feature_threshold': 0.1, 'model_threshold': 0, 'model': 'LogisticRegression', 'cross_validation': 5, 'autoencoder': {'ratios': [0.8, 0.5, 0.2], 'epochs': 10, 'batch_size': 32, 'dropout': 0.1, 'hidden_activation': 'selu', 'optimizer': 'adam', 'loss': 'mse'}, 'model_params': {'C': 0.01, 'penalty': 'l2', 'solver': 'lbfgs', 'max_iter': 200, 'random_state': 42}}
2025-04-28 23:54:49 - INFO - Running initial feature selection using default parameters
2025-04-28 23:56:00 - INFO - Feature selection completed. Dropped features: ['V2', 'V4', 'V6', 'V9', 'V11', 'V24', 'V25', 'Amount']
2025-04-28 23:57:11 - INFO - Default parameters: {'train_file': '/home/bhanu/IITM/Courses/MLOps/devops-project/server/uploads/5fd8efa494c979bef2d6036cc28c33fb', 'validation_file': '/home/bhanu/IITM/Courses/MLOps/devops-project/server/uploads/validation.csv', 'test_file': '/home/bhanu/IITM/Courses/MLOps/devops-project/server/uploads/ed29d212c632f8a12782712ecad09ccb', 'target_column': 'Class', 'train_on': 'normal', 'feature_selection': 'fpi', 'feature_threshold': 0.1, 'model_threshold': 0, 'model': 'LogisticRegression', 'cross_validation': 5, 'autoencoder': {'ratios': [0.8, 0.5, 0.2], 'epochs': 10, 'batch_size': 32, 'dropout': 0.1, 'hidden_activation': 'selu', 'optimizer': 'adam', 'loss': 'mse'}, 'model_params': {'C': 0.01, 'penalty': 'l2', 'solver': 'lbfgs', 'max_iter': 200, 'random_state': 42}}
2025-04-28 23:57:11 - INFO - Running initial feature selection using default parameters
2025-04-28 23:58:31 - INFO - Feature selection completed. Dropped features: ['V1', 'V2', 'V3', 'V4', 'V6', 'V7', 'V10', 'V11', 'V16', 'V17', 'V18', 'V21', 'V22', 'V23']
2025-04-28 23:59:20 - INFO - Default parameters: {'train_file': '/home/bhanu/IITM/Courses/MLOps/devops-project/server/uploads/f48cef5db6abff7d8aab12d5a33a9725', 'validation_file': '/home/bhanu/IITM/Courses/MLOps/devops-project/server/uploads/validation.csv', 'test_file': '/home/bhanu/IITM/Courses/MLOps/devops-project/server/uploads/b16517fd89c239a971c8b1275a474816', 'target_column': 'Class', 'train_on': 'normal', 'feature_selection': 'fpi', 'feature_threshold': 0.1, 'model_threshold': 0, 'model': 'LogisticRegression', 'cross_validation': 5, 'autoencoder': {'ratios': [0.8, 0.5, 0.2], 'epochs': 10, 'batch_size': 32, 'dropout': 0.1, 'hidden_activation': 'selu', 'optimizer': 'adam', 'loss': 'mse'}, 'model_params': {'C': 0.01, 'penalty': 'l2', 'solver': 'lbfgs', 'max_iter': 200, 'random_state': 42}}
2025-04-28 23:59:20 - INFO - Running initial feature selection using default parameters
2025-04-29 00:00:31 - INFO - Feature selection completed. Dropped features: ['V1', 'V13', 'V14', 'V16', 'V22']
2025-04-29 00:01:23 - INFO - Default parameters: {'train_file': '/home/bhanu/IITM/Courses/MLOps/devops-project/server/uploads/a2d23c8681bef4e97ef858cf13977b17', 'validation_file': '/home/bhanu/IITM/Courses/MLOps/devops-project/server/uploads/validation.csv', 'test_file': '/home/bhanu/IITM/Courses/MLOps/devops-project/server/uploads/9838ae8e25ef3f3aeae22ddaffa137de', 'target_column': 'Class', 'train_on': 'normal', 'feature_selection': 'fpi', 'feature_threshold': 0.1, 'model_threshold': 0, 'model': 'LogisticRegression', 'cross_validation': 5, 'autoencoder': {'ratios': [0.8, 0.5, 0.2], 'epochs': 10, 'batch_size': 32, 'dropout': 0.1, 'hidden_activation': 'selu', 'optimizer': 'adam', 'loss': 'mse'}, 'model_params': {'C': 0.01, 'penalty': 'l2', 'solver': 'lbfgs', 'max_iter': 200, 'random_state': 42}}
2025-04-29 00:01:23 - INFO - Running initial feature selection using default parameters
2025-04-29 00:02:34 - INFO - Feature selection completed. Dropped features: ['V1', 'V2', 'V3', 'V5', 'V6', 'V7', 'V8', 'V10', 'V11', 'V13', 'V14', 'V16', 'V20', 'V21', 'V22', 'V23']
2025-04-29 00:11:57 - INFO - Default parameters: {'train_file': '/home/bhanu/IITM/Courses/MLOps/devops-project/server/uploads/953830cf58e558e44944cf26978a06a1', 'validation_file': '/home/bhanu/IITM/Courses/MLOps/devops-project/server/uploads/validation.csv', 'test_file': '/home/bhanu/IITM/Courses/MLOps/devops-project/server/uploads/9fdfb45e5795e6ddf81bd69233287b23', 'target_column': 'Class', 'train_on': 'normal', 'feature_selection': 'fpi', 'feature_threshold': 0.1, 'model_threshold': 0, 'model': 'LogisticRegression', 'cross_validation': 5, 'autoencoder': {'ratios': [0.8, 0.5, 0.2], 'epochs': 10, 'batch_size': 32, 'dropout': 0.1, 'hidden_activation': 'selu', 'optimizer': 'adam', 'loss': 'mse'}, 'model_params': {'C': 0.01, 'penalty': 'l2', 'solver': 'lbfgs', 'max_iter': 200, 'random_state': 42}}
2025-04-29 00:11:57 - INFO - Running initial feature selection using default parameters
2025-04-29 00:13:05 - INFO - Feature selection completed. Dropped features: ['V1', 'V4', 'V9', 'V11', 'V14', 'V15', 'V16', 'V18', 'V19', 'V24', 'V26', 'V28']
2025-04-29 01:24:38 - INFO - Default parameters: {'train_file': '/home/bhanu/IITM/Courses/MLOps/devops-project/server/uploads/cleaned_train.csv', 'validation_file': '/home/bhanu/IITM/Courses/MLOps/devops-project/server/uploads/validation.csv', 'test_file': '/home/bhanu/IITM/Courses/MLOps/devops-project/server/uploads/cleaned_test.csv', 'target_column': 'Class', 'train_on': 'normal', 'feature_selection': 'fpi', 'feature_threshold': 0.1, 'model_threshold': 0, 'model': 'LogisticRegression', 'cross_validation': 5, 'autoencoder': {'ratios': [0.8, 0.5, 0.2], 'epochs': 10, 'batch_size': 32, 'dropout': 0.1, 'hidden_activation': 'selu', 'optimizer': 'adam', 'loss': 'mse'}, 'model_params': {'C': 0.01, 'penalty': 'l2', 'solver': 'lbfgs', 'max_iter': 200, 'random_state': 42}}
2025-04-29 01:24:38 - INFO - Running initial feature selection using default parameters
2025-04-29 01:25:53 - INFO - Feature selection completed. Dropped features: ['V4', 'V10', 'V11', 'V22', 'V25', 'Amount']
2025-04-29 01:28:37 - INFO - Default parameters: {'train_file': '/home/bhanu/IITM/Courses/MLOps/devops-project/server/uploads/cleaned_train.csv', 'validation_file': '/home/bhanu/IITM/Courses/MLOps/devops-project/server/uploads/validation.csv', 'test_file': '/home/bhanu/IITM/Courses/MLOps/devops-project/server/uploads/cleaned_test.csv', 'target_column': 'Class', 'train_on': 'normal', 'feature_selection': 'fpi', 'feature_threshold': 0.1, 'model_threshold': 0, 'model': 'LogisticRegression', 'cross_validation': 5, 'autoencoder': {'ratios': [0.8, 0.5, 0.2], 'epochs': 10, 'batch_size': 32, 'dropout': 0.1, 'hidden_activation': 'selu', 'optimizer': 'adam', 'loss': 'mse'}, 'model_params': {'C': 0.01, 'penalty': 'l2', 'solver': 'lbfgs', 'max_iter': 200, 'random_state': 42}}
2025-04-29 01:28:37 - INFO - Running initial feature selection using default parameters
2025-04-29 01:29:54 - INFO - Feature selection completed. Dropped features: ['V1', 'V4', 'V9', 'V11', 'V13', 'V15', 'V16', 'V18', 'V23', 'V24', 'V25', 'V27', 'V28', 'Amount']
2025-04-29 02:04:28 - INFO - Default parameters: {'train_file': '/home/bhanu/IITM/Courses/MLOps/devops-project/server/uploads/cleaned_train.csv', 'validation_file': '/home/bhanu/IITM/Courses/MLOps/devops-project/server/uploads/validation.csv', 'test_file': '/home/bhanu/IITM/Courses/MLOps/devops-project/server/uploads/cleaned_test.csv', 'target_column': 'Class', 'train_on': 'normal', 'feature_selection': 'fpi', 'feature_threshold': 0.1, 'model_threshold': 0, 'model': 'LogisticRegression', 'cross_validation': 5, 'autoencoder': {'ratios': [0.8, 0.5, 0.2], 'epochs': 10, 'batch_size': 32, 'dropout': 0.1, 'hidden_activation': 'selu', 'optimizer': 'adam', 'loss': 'mse'}, 'model_params': {'C': 0.01, 'penalty': 'l2', 'solver': 'lbfgs', 'max_iter': 200, 'random_state': 42}}
2025-04-29 02:04:28 - INFO - Running initial feature selection using default parameters
2025-04-29 02:05:46 - INFO - Feature selection completed. Dropped features: ['V1', 'V5', 'V6', 'V7', 'V9', 'V20', 'V22', 'V24', 'V25', 'V26', 'V28']
2025-04-29 02:09:58 - INFO - Default parameters: {'train_file': '/home/bhanu/IITM/Courses/MLOps/devops-project/server/uploads/cleaned_train.csv', 'validation_file': '/home/bhanu/IITM/Courses/MLOps/devops-project/server/uploads/validation.csv', 'test_file': '/home/bhanu/IITM/Courses/MLOps/devops-project/server/uploads/cleaned_test.csv', 'target_column': 'Class', 'train_on': 'normal', 'feature_selection': 'fpi', 'feature_threshold': 0.1, 'model_threshold': 0, 'model': 'LogisticRegression', 'cross_validation': 5, 'autoencoder': {'ratios': [0.8, 0.5, 0.2], 'epochs': 10, 'batch_size': 32, 'dropout': 0.1, 'hidden_activation': 'selu', 'optimizer': 'adam', 'loss': 'mse'}, 'model_params': {'C': 0.01, 'penalty': 'l2', 'solver': 'lbfgs', 'max_iter': 200, 'random_state': 42}}
2025-04-29 02:09:58 - INFO - Running initial feature selection using default parameters
2025-04-29 02:11:57 - INFO - Feature selection completed. Dropped features: ['V8', 'V9', 'V13', 'V16', 'V20', 'V23', 'V26', 'Amount']
